<?xml version="1.0" encoding="UTF-8"?>
<testng-results skipped="0" failed="0" ignored="0" total="1" passed="1">
  <reporter-output>
  </reporter-output>
  <suite name="Default suite" duration-ms="25074" started-at="2021-10-12T06:57:51Z" finished-at="2021-10-12T06:58:16Z">
    <groups>
    </groups>
    <test name="Default test" duration-ms="25074" started-at="2021-10-12T06:57:51Z" finished-at="2021-10-12T06:58:16Z">
      <class name="org.login.LoginTest">
        <test-method status="PASS" signature="beforeMethod()[pri:0, instance:org.login.LoginTest@5622fdf]" name="beforeMethod" is-config="true" duration-ms="12631" started-at="2021-10-12T06:57:51Z" finished-at="2021-10-12T06:58:04Z">
          <reporter-output>
          </reporter-output>
        </test-method> <!-- beforeMethod -->
        <test-method status="PASS" signature="login()[pri:0, instance:org.login.LoginTest@5622fdf]" name="login" duration-ms="12372" started-at="2021-10-12T06:58:04Z" finished-at="2021-10-12T06:58:16Z">
          <reporter-output>
          </reporter-output>
        </test-method> <!-- login -->
      </class> <!-- org.login.LoginTest -->
    </test> <!-- Default test -->
  </suite> <!-- Default suite -->
</testng-results>
